[0.000000] (-) TimerEvent: {}
[0.000043] (-) JobUnselected: {'identifier': 'foxglove_bridge_pkg'}
[0.000062] (-) JobUnselected: {'identifier': 'orca_base'}
[0.000075] (-) JobUnselected: {'identifier': 'orca_description'}
[0.000086] (-) JobUnselected: {'identifier': 'orca_nav2'}
[0.000098] (mavlink_bridge) JobQueued: {'identifier': 'mavlink_bridge', 'dependencies': OrderedDict()}
[0.000111] (orca_bringup) JobQueued: {'identifier': 'orca_bringup', 'dependencies': OrderedDict([('mavlink_bridge', '/home/polaris_pz/project-polaris-simulation-personal/install/mavlink_bridge'), ('orca_nav2', '/home/polaris_pz/project-polaris-simulation-personal/install/orca_nav2')])}
[0.000127] (mavlink_bridge) JobStarted: {'identifier': 'mavlink_bridge'}
[0.099437] (-) TimerEvent: {}
[0.199884] (-) TimerEvent: {}
[0.300027] (-) TimerEvent: {}
[0.400157] (-) TimerEvent: {}
[0.459237] (mavlink_bridge) Command: {'cmd': ['/usr/bin/python3', '-W', 'ignore:setup.py install is deprecated', '-W', 'ignore:easy_install command is deprecated', 'setup.py', 'egg_info', '--egg-base', '../../build/mavlink_bridge', 'build', '--build-base', '/home/polaris_pz/project-polaris-simulation-personal/build/mavlink_bridge/build', 'install', '--record', '/home/polaris_pz/project-polaris-simulation-personal/build/mavlink_bridge/install.log', '--single-version-externally-managed', 'install_data'], 'cwd': '/home/polaris_pz/project-polaris-simulation-personal/comms/mavlink_bridge', 'env': {'LESSOPEN': '| /usr/bin/lesspipe %s', 'VSCODE_CWD': '/home/polaris_pz', 'CURSOR_EXTENSION_HOST_ROLE': 'agent-exec', 'VSCODE_ESM_ENTRYPOINT': 'vs/workbench/api/node/extensionHostProcess', 'USER': 'polaris_pz', 'LC_TIME': 'de_CH.UTF-8', 'VSCODE_NLS_CONFIG': '{"userLocale":"en-us","osLocale":"en-us","resolvedLanguage":"en","defaultMessagesFile":"/usr/share/cursor/resources/app/out/nls.messages.json","locale":"en-us","availableLanguages":{}}', 'CI': '1', 'VSCODE_HANDLES_UNCAUGHT_ERRORS': 'true', 'XDG_SESSION_TYPE': 'x11', 'SHLVL': '2', 'LD_LIBRARY_PATH': '/opt/ros/humble/opt/rviz_ogre_vendor/lib:/opt/ros/humble/lib/x86_64-linux-gnu:/opt/ros/humble/lib', 'HOME': '/home/polaris_pz', 'CHROME_DESKTOP': 'cursor.desktop', 'DESKTOP_SESSION': 'ubuntu', 'VSCODE_IPC_HOOK': '/run/user/1000/vscode-68f26ee9-2.6.-main.sock', 'ROS_PYTHON_VERSION': '3', 'GNOME_SHELL_SESSION_MODE': 'ubuntu', 'GTK_MODULES': 'gail:atk-bridge', 'LC_MONETARY': 'de_CH.UTF-8', 'CURSOR_WORKSPACE_LABEL': 'project-polaris-simulation-personal', 'SYSTEMD_EXEC_PID': '2722', 'NO_COLOR': '1', 'DBUS_SESSION_BUS_ADDRESS': 'unix:path=/run/user/1000/bus', 'COLORTERM': 'truecolor', 'VSCODE_CRASH_REPORTER_PROCESS_TYPE': 'extensionHost', 'ROS_DISTRO': 'humble', 'GTK_IM_MODULE': 'ibus', 'LOGNAME': 'polaris_pz', 'FORCE_COLOR': '0', '_': '/usr/bin/colcon', 'ROS_VERSION': '2', 'XDG_SESSION_CLASS': 'user', 'USERNAME': 'polaris_pz', 'TERM': 'dumb', 'GNOME_DESKTOP_SESSION_ID': 'this-is-deprecated', 'FC_FONTATIONS': '1', 'ROS_LOCALHOST_ONLY': '0', 'WINDOWPATH': '2', 'PATH': '/home/polaris_pz/.local/bin:/home/polaris_pz/.local/bin:/home/polaris_pz/.local/bin:/opt/ros/humble/bin:/home/polaris_pz/.local/bin:/usr/local/sbin:/usr/local/bin:/usr/sbin:/usr/bin:/sbin:/bin:/usr/games:/usr/local/games:/snap/bin:/snap/bin', 'SESSION_MANAGER': 'local/Polarispz-Precision-3440:@/tmp/.ICE-unix/2529,unix/Polarispz-Precision-3440:/tmp/.ICE-unix/2529', 'XDG_MENU_PREFIX': 'gnome-', 'LC_ADDRESS': 'de_CH.UTF-8', 'VSCODE_PROCESS_TITLE': 'extension-host (agent-exec) project-polaris-simulation-personal [2-9]', 'GNOME_TERMINAL_SCREEN': '/org/gnome/Terminal/screen/1d8f9500_ad97_4ba7_b05a_f42eea0214f7', 'XDG_RUNTIME_DIR': '/run/user/1000', 'GDK_BACKEND': 'x11', 'CURSOR_AGENT': '1', 'DISPLAY': ':1', 'LANG': 'en_US.UTF-8', 'XDG_CURRENT_DESKTOP': 'ubuntu:GNOME', 'LC_TELEPHONE': 'de_CH.UTF-8', 'XMODIFIERS': '@im=ibus', 'XDG_SESSION_DESKTOP': 'ubuntu', 'XAUTHORITY': '/run/user/1000/gdm/Xauthority', 'LS_COLORS': '', 'GNOME_TERMINAL_SERVICE': ':1.216', 'CURSOR_TRACE_ID': '925c5533ee5c4f96813b9f0702dd62ff', 'SSH_AGENT_LAUNCHER': 'gnome-keyring', 'SSH_AUTH_SOCK': '/run/user/1000/keyring/ssh', 'AMENT_PREFIX_PATH': '/opt/ros/humble', 'CURSOR_CLI_MODE': 'local', 'SHELL': '/bin/bash', 'LC_NAME': 'de_CH.UTF-8', 'QT_ACCESSIBILITY': '1', 'CURSOR_CLI': 'ELECTRON_RUN_AS_NODE=1 "/usr/share/cursor/bin/../cursor" "/usr/share/cursor/bin/../resources/app/out/cli.js"', 'GDMSESSION': 'ubuntu', 'LESSCLOSE': '/usr/bin/lesspipe %s %s', 'LC_MEASUREMENT': 'de_CH.UTF-8', 'GPG_AGENT_INFO': '/run/user/1000/gnupg/S.gpg-agent:0:1', 'LC_IDENTIFICATION': 'de_CH.UTF-8', 'QT_IM_MODULE': 'ibus', 'PWD': '/home/polaris_pz/project-polaris-simulation-personal/build/mavlink_bridge', 'VSCODE_CLI': '1', 'XDG_CONFIG_DIRS': '/etc/xdg/xdg-ubuntu:/etc/xdg', 'VSCODE_CODE_CACHE_PATH': '/home/polaris_pz/.config/Cursor/CachedData/eb1c4e0702d201d1226d2a7afb25c501c2e56080', 'XDG_DATA_DIRS': '/usr/share/ubuntu:/usr/share/gnome:/usr/local/share/:/usr/share/:/var/lib/snapd/desktop', 'PYTHONPATH': '/home/polaris_pz/project-polaris-simulation-personal/build/mavlink_bridge/prefix_override:/usr/lib/python3/dist-packages/colcon_core/task/python/colcon_distutils_commands:/home/polaris_pz/project-polaris-simulation-personal/install/mavlink_bridge/lib/python3.10/site-packages:/opt/ros/humble/lib/python3.10/site-packages:/opt/ros/humble/local/lib/python3.10/dist-packages', 'LC_NUMERIC': 'de_CH.UTF-8', 'LC_PAPER': 'de_CH.UTF-8', 'COLCON': '1', '_ZO_DOCTOR': '0', 'VTE_VERSION': '6800', 'ELECTRON_NO_ATTACH_CONSOLE': '1', 'VSCODE_PID': '1547674'}, 'shell': False}
[0.500244] (-) TimerEvent: {}
[0.600403] (-) TimerEvent: {}
[0.639978] (mavlink_bridge) StdoutLine: {'line': b'running egg_info\n'}
[0.641033] (mavlink_bridge) StdoutLine: {'line': b'creating ../../build/mavlink_bridge/mavlink_bridge.egg-info\n'}
[0.641110] (mavlink_bridge) StdoutLine: {'line': b'writing ../../build/mavlink_bridge/mavlink_bridge.egg-info/PKG-INFO\n'}
[0.641258] (mavlink_bridge) StdoutLine: {'line': b'writing dependency_links to ../../build/mavlink_bridge/mavlink_bridge.egg-info/dependency_links.txt\n'}
[0.641416] (mavlink_bridge) StdoutLine: {'line': b'writing entry points to ../../build/mavlink_bridge/mavlink_bridge.egg-info/entry_points.txt\n'}
[0.641468] (mavlink_bridge) StdoutLine: {'line': b'writing requirements to ../../build/mavlink_bridge/mavlink_bridge.egg-info/requires.txt\n'}
[0.641513] (mavlink_bridge) StdoutLine: {'line': b'writing top-level names to ../../build/mavlink_bridge/mavlink_bridge.egg-info/top_level.txt\n'}
[0.641613] (mavlink_bridge) StdoutLine: {'line': b"writing manifest file '../../build/mavlink_bridge/mavlink_bridge.egg-info/SOURCES.txt'\n"}
[0.642534] (mavlink_bridge) StdoutLine: {'line': b"reading manifest file '../../build/mavlink_bridge/mavlink_bridge.egg-info/SOURCES.txt'\n"}
[0.643069] (mavlink_bridge) StdoutLine: {'line': b"writing manifest file '../../build/mavlink_bridge/mavlink_bridge.egg-info/SOURCES.txt'\n"}
[0.643164] (mavlink_bridge) StdoutLine: {'line': b'running build\n'}
[0.643203] (mavlink_bridge) StdoutLine: {'line': b'running build_py\n'}
[0.643366] (mavlink_bridge) StdoutLine: {'line': b'creating /home/polaris_pz/project-polaris-simulation-personal/build/mavlink_bridge/build\n'}
[0.643419] (mavlink_bridge) StdoutLine: {'line': b'creating /home/polaris_pz/project-polaris-simulation-personal/build/mavlink_bridge/build/lib\n'}
[0.643499] (mavlink_bridge) StdoutLine: {'line': b'creating /home/polaris_pz/project-polaris-simulation-personal/build/mavlink_bridge/build/lib/mavlink_bridge\n'}
[0.643541] (mavlink_bridge) StdoutLine: {'line': b'copying mavlink_bridge/__init__.py -> /home/polaris_pz/project-polaris-simulation-personal/build/mavlink_bridge/build/lib/mavlink_bridge\n'}
[0.643582] (mavlink_bridge) StdoutLine: {'line': b'copying mavlink_bridge/output_monitor.py -> /home/polaris_pz/project-polaris-simulation-personal/build/mavlink_bridge/build/lib/mavlink_bridge\n'}
[0.643662] (mavlink_bridge) StdoutLine: {'line': b'copying mavlink_bridge/mavlink_publisher.py -> /home/polaris_pz/project-polaris-simulation-personal/build/mavlink_bridge/build/lib/mavlink_bridge\n'}
[0.643703] (mavlink_bridge) StdoutLine: {'line': b'copying mavlink_bridge/ros2_receiver.py -> /home/polaris_pz/project-polaris-simulation-personal/build/mavlink_bridge/build/lib/mavlink_bridge\n'}
[0.643776] (mavlink_bridge) StdoutLine: {'line': b'running install\n'}
[0.643944] (mavlink_bridge) StdoutLine: {'line': b'running install_lib\n'}
[0.644375] (mavlink_bridge) StdoutLine: {'line': b'creating /home/polaris_pz/project-polaris-simulation-personal/install/mavlink_bridge/lib/python3.10/site-packages/mavlink_bridge\n'}
[0.644461] (mavlink_bridge) StdoutLine: {'line': b'copying /home/polaris_pz/project-polaris-simulation-personal/build/mavlink_bridge/build/lib/mavlink_bridge/__init__.py -> /home/polaris_pz/project-polaris-simulation-personal/install/mavlink_bridge/lib/python3.10/site-packages/mavlink_bridge\n'}
[0.644563] (mavlink_bridge) StdoutLine: {'line': b'copying /home/polaris_pz/project-polaris-simulation-personal/build/mavlink_bridge/build/lib/mavlink_bridge/output_monitor.py -> /home/polaris_pz/project-polaris-simulation-personal/install/mavlink_bridge/lib/python3.10/site-packages/mavlink_bridge\n'}
[0.644605] (mavlink_bridge) StdoutLine: {'line': b'copying /home/polaris_pz/project-polaris-simulation-personal/build/mavlink_bridge/build/lib/mavlink_bridge/mavlink_publisher.py -> /home/polaris_pz/project-polaris-simulation-personal/install/mavlink_bridge/lib/python3.10/site-packages/mavlink_bridge\n'}
[0.644683] (mavlink_bridge) StdoutLine: {'line': b'copying /home/polaris_pz/project-polaris-simulation-personal/build/mavlink_bridge/build/lib/mavlink_bridge/ros2_receiver.py -> /home/polaris_pz/project-polaris-simulation-personal/install/mavlink_bridge/lib/python3.10/site-packages/mavlink_bridge\n'}
[0.644951] (mavlink_bridge) StdoutLine: {'line': b'byte-compiling /home/polaris_pz/project-polaris-simulation-personal/install/mavlink_bridge/lib/python3.10/site-packages/mavlink_bridge/__init__.py to __init__.cpython-310.pyc\n'}
[0.645095] (mavlink_bridge) StdoutLine: {'line': b'byte-compiling /home/polaris_pz/project-polaris-simulation-personal/install/mavlink_bridge/lib/python3.10/site-packages/mavlink_bridge/output_monitor.py to output_monitor.cpython-310.pyc\n'}
[0.645766] (mavlink_bridge) StdoutLine: {'line': b'byte-compiling /home/polaris_pz/project-polaris-simulation-personal/install/mavlink_bridge/lib/python3.10/site-packages/mavlink_bridge/mavlink_publisher.py to mavlink_publisher.cpython-310.pyc\n'}
[0.646773] (mavlink_bridge) StdoutLine: {'line': b'byte-compiling /home/polaris_pz/project-polaris-simulation-personal/install/mavlink_bridge/lib/python3.10/site-packages/mavlink_bridge/ros2_receiver.py to ros2_receiver.cpython-310.pyc\n'}
[0.647615] (mavlink_bridge) StdoutLine: {'line': b'running install_data\n'}
[0.647745] (mavlink_bridge) StdoutLine: {'line': b'creating /home/polaris_pz/project-polaris-simulation-personal/install/mavlink_bridge/share/ament_index\n'}
[0.647788] (mavlink_bridge) StdoutLine: {'line': b'creating /home/polaris_pz/project-polaris-simulation-personal/install/mavlink_bridge/share/ament_index/resource_index\n'}
[0.647829] (mavlink_bridge) StdoutLine: {'line': b'creating /home/polaris_pz/project-polaris-simulation-personal/install/mavlink_bridge/share/ament_index/resource_index/packages\n'}
[0.647957] (mavlink_bridge) StdoutLine: {'line': b'copying resource/mavlink_bridge -> /home/polaris_pz/project-polaris-simulation-personal/install/mavlink_bridge/share/ament_index/resource_index/packages\n'}
[0.647998] (mavlink_bridge) StdoutLine: {'line': b'copying package.xml -> /home/polaris_pz/project-polaris-simulation-personal/install/mavlink_bridge/share/mavlink_bridge\n'}
[0.648075] (mavlink_bridge) StdoutLine: {'line': b'creating /home/polaris_pz/project-polaris-simulation-personal/install/mavlink_bridge/share/mavlink_bridge/launch\n'}
[0.648114] (mavlink_bridge) StdoutLine: {'line': b'copying launch/mavlink_bridge.launch.py -> /home/polaris_pz/project-polaris-simulation-personal/install/mavlink_bridge/share/mavlink_bridge/launch\n'}
[0.648151] (mavlink_bridge) StdoutLine: {'line': b'running install_egg_info\n'}
[0.649298] (mavlink_bridge) StdoutLine: {'line': b'Copying ../../build/mavlink_bridge/mavlink_bridge.egg-info to /home/polaris_pz/project-polaris-simulation-personal/install/mavlink_bridge/lib/python3.10/site-packages/mavlink_bridge-0.0.0-py3.10.egg-info\n'}
[0.649862] (mavlink_bridge) StdoutLine: {'line': b'running install_scripts\n'}
[0.664216] (mavlink_bridge) StdoutLine: {'line': b'Installing mavlink_publisher script to /home/polaris_pz/project-polaris-simulation-personal/install/mavlink_bridge/lib/mavlink_bridge\n'}
[0.664346] (mavlink_bridge) StdoutLine: {'line': b'Installing output_monitor script to /home/polaris_pz/project-polaris-simulation-personal/install/mavlink_bridge/lib/mavlink_bridge\n'}
[0.664403] (mavlink_bridge) StdoutLine: {'line': b'Installing ros2_receiver script to /home/polaris_pz/project-polaris-simulation-personal/install/mavlink_bridge/lib/mavlink_bridge\n'}
[0.664496] (mavlink_bridge) StdoutLine: {'line': b"writing list of installed files to '/home/polaris_pz/project-polaris-simulation-personal/build/mavlink_bridge/install.log'\n"}
[0.680119] (mavlink_bridge) CommandEnded: {'returncode': 0}
[0.690558] (mavlink_bridge) JobEnded: {'identifier': 'mavlink_bridge', 'rc': 0}
[0.691312] (orca_bringup) JobStarted: {'identifier': 'orca_bringup'}
[0.694963] (orca_bringup) JobEnded: {'identifier': 'orca_bringup', 'rc': 1}
[0.700449] (-) TimerEvent: {}
[0.705282] (-) EventReactorShutdown: {}
