[0.126s] DEBUG:colcon:Command line arguments: ['/usr/bin/colcon', 'build', '--packages-select', 'mavlink_bridge', 'orca_bringup']
[0.126s] DEBUG:colcon:Parsed command line arguments: Namespace(log_base=None, log_level=None, verb_name='build', build_base='build', install_base='install', merge_install=False, symlink_install=False, test_result_base=None, continue_on_error=False, executor='parallel', parallel_workers=16, event_handlers=None, ignore_user_meta=False, metas=['./colcon.meta'], base_paths=['.'], packages_ignore=None, packages_ignore_regex=None, paths=None, packages_up_to=None, packages_up_to_regex=None, packages_above=None, packages_above_and_dependencies=None, packages_above_depth=None, packages_select_by_dep=None, packages_skip_by_dep=None, packages_skip_up_to=None, packages_select_build_failed=False, packages_skip_build_finished=False, packages_select_test_failures=False, packages_skip_test_passed=False, packages_select=['mavlink_bridge', 'orca_bringup'], packages_skip=None, packages_select_regex=None, packages_skip_regex=None, packages_start=None, packages_end=None, allow_overriding=[], cmake_args=None, cmake_target=None, cmake_target_skip_unavailable=False, cmake_clean_cache=False, cmake_clean_first=False, cmake_force_configure=False, ament_cmake_args=None, catkin_cmake_args=None, catkin_skip_building_tests=False, mixin_files=None, mixin=None, verb_parser=<colcon_mixin.mixin.mixin_argument.MixinArgumentDecorator object at 0x7447bb265bd0>, verb_extension=<colcon_core.verb.build.BuildVerb object at 0x7447bb3eb490>, main=<bound method BuildVerb.main of <colcon_core.verb.build.BuildVerb object at 0x7447bb3eb490>>, mixin_verb=('build',))
[0.328s] Level 1:colcon.colcon_core.package_discovery:discover_packages(colcon_meta) check parameters
[0.328s] Level 1:colcon.colcon_core.package_discovery:discover_packages(recursive) check parameters
[0.328s] Level 1:colcon.colcon_core.package_discovery:discover_packages(ignore) check parameters
[0.328s] Level 1:colcon.colcon_core.package_discovery:discover_packages(path) check parameters
[0.328s] Level 1:colcon.colcon_core.package_discovery:discover_packages(colcon_meta) discover
[0.328s] Level 1:colcon.colcon_core.package_discovery:discover_packages(recursive) discover
[0.328s] INFO:colcon.colcon_core.package_discovery:Crawling recursively for packages in '/home/polaris_pz/project-polaris-simulation-personal'
[0.328s] Level 1:colcon.colcon_core.package_identification:_identify(.) by extensions ['ignore', 'ignore_ament_install']
[0.328s] Level 1:colcon.colcon_core.package_identification:_identify(.) by extension 'ignore'
[0.328s] Level 1:colcon.colcon_core.package_identification:_identify(.) by extension 'ignore_ament_install'
[0.328s] Level 1:colcon.colcon_core.package_identification:_identify(.) by extensions ['colcon_pkg']
[0.328s] Level 1:colcon.colcon_core.package_identification:_identify(.) by extension 'colcon_pkg'
[0.328s] Level 1:colcon.colcon_core.package_identification:_identify(.) by extensions ['colcon_meta']
[0.328s] Level 1:colcon.colcon_core.package_identification:_identify(.) by extension 'colcon_meta'
[0.328s] Level 1:colcon.colcon_core.package_identification:_identify(.) by extensions ['ros']
[0.328s] Level 1:colcon.colcon_core.package_identification:_identify(.) by extension 'ros'
[0.337s] Level 1:colcon.colcon_core.package_identification:_identify(.) by extensions ['cmake', 'python']
[0.337s] Level 1:colcon.colcon_core.package_identification:_identify(.) by extension 'cmake'
[0.337s] Level 1:colcon.colcon_core.package_identification:_identify(.) by extension 'python'
[0.337s] Level 1:colcon.colcon_core.package_identification:_identify(.) by extensions ['python_setup_py']
[0.337s] Level 1:colcon.colcon_core.package_identification:_identify(.) by extension 'python_setup_py'
[0.337s] Level 1:colcon.colcon_core.package_identification:_identify(build) by extensions ['ignore', 'ignore_ament_install']
[0.337s] Level 1:colcon.colcon_core.package_identification:_identify(build) by extension 'ignore'
[0.337s] Level 1:colcon.colcon_core.package_identification:_identify(build) ignored
[0.337s] Level 1:colcon.colcon_core.package_identification:_identify(comms) by extensions ['ignore', 'ignore_ament_install']
[0.337s] Level 1:colcon.colcon_core.package_identification:_identify(comms) by extension 'ignore'
[0.337s] Level 1:colcon.colcon_core.package_identification:_identify(comms) by extension 'ignore_ament_install'
[0.337s] Level 1:colcon.colcon_core.package_identification:_identify(comms) by extensions ['colcon_pkg']
[0.337s] Level 1:colcon.colcon_core.package_identification:_identify(comms) by extension 'colcon_pkg'
[0.338s] Level 1:colcon.colcon_core.package_identification:_identify(comms) by extensions ['colcon_meta']
[0.338s] Level 1:colcon.colcon_core.package_identification:_identify(comms) by extension 'colcon_meta'
[0.338s] Level 1:colcon.colcon_core.package_identification:_identify(comms) by extensions ['ros']
[0.338s] Level 1:colcon.colcon_core.package_identification:_identify(comms) by extension 'ros'
[0.338s] Level 1:colcon.colcon_core.package_identification:_identify(comms) by extensions ['cmake', 'python']
[0.338s] Level 1:colcon.colcon_core.package_identification:_identify(comms) by extension 'cmake'
[0.338s] Level 1:colcon.colcon_core.package_identification:_identify(comms) by extension 'python'
[0.338s] Level 1:colcon.colcon_core.package_identification:_identify(comms) by extensions ['python_setup_py']
[0.338s] Level 1:colcon.colcon_core.package_identification:_identify(comms) by extension 'python_setup_py'
[0.338s] Level 1:colcon.colcon_core.package_identification:_identify(comms/foxglove_bridge_pkg) by extensions ['ignore', 'ignore_ament_install']
[0.338s] Level 1:colcon.colcon_core.package_identification:_identify(comms/foxglove_bridge_pkg) by extension 'ignore'
[0.338s] Level 1:colcon.colcon_core.package_identification:_identify(comms/foxglove_bridge_pkg) by extension 'ignore_ament_install'
[0.338s] Level 1:colcon.colcon_core.package_identification:_identify(comms/foxglove_bridge_pkg) by extensions ['colcon_pkg']
[0.338s] Level 1:colcon.colcon_core.package_identification:_identify(comms/foxglove_bridge_pkg) by extension 'colcon_pkg'
[0.338s] Level 1:colcon.colcon_core.package_identification:_identify(comms/foxglove_bridge_pkg) by extensions ['colcon_meta']
[0.338s] Level 1:colcon.colcon_core.package_identification:_identify(comms/foxglove_bridge_pkg) by extension 'colcon_meta'
[0.338s] Level 1:colcon.colcon_core.package_identification:_identify(comms/foxglove_bridge_pkg) by extensions ['ros']
[0.338s] Level 1:colcon.colcon_core.package_identification:_identify(comms/foxglove_bridge_pkg) by extension 'ros'
[0.341s] DEBUG:colcon.colcon_core.package_identification:Package 'comms/foxglove_bridge_pkg' with type 'ros.ament_python' and name 'foxglove_bridge_pkg'
[0.341s] Level 1:colcon.colcon_core.package_identification:_identify(comms/mavlink_bridge) by extensions ['ignore', 'ignore_ament_install']
[0.341s] Level 1:colcon.colcon_core.package_identification:_identify(comms/mavlink_bridge) by extension 'ignore'
[0.341s] Level 1:colcon.colcon_core.package_identification:_identify(comms/mavlink_bridge) by extension 'ignore_ament_install'
[0.341s] Level 1:colcon.colcon_core.package_identification:_identify(comms/mavlink_bridge) by extensions ['colcon_pkg']
[0.341s] Level 1:colcon.colcon_core.package_identification:_identify(comms/mavlink_bridge) by extension 'colcon_pkg'
[0.341s] Level 1:colcon.colcon_core.package_identification:_identify(comms/mavlink_bridge) by extensions ['colcon_meta']
[0.341s] Level 1:colcon.colcon_core.package_identification:_identify(comms/mavlink_bridge) by extension 'colcon_meta'
[0.341s] Level 1:colcon.colcon_core.package_identification:_identify(comms/mavlink_bridge) by extensions ['ros']
[0.341s] Level 1:colcon.colcon_core.package_identification:_identify(comms/mavlink_bridge) by extension 'ros'
[0.342s] DEBUG:colcon.colcon_core.package_identification:Package 'comms/mavlink_bridge' with type 'ros.ament_python' and name 'mavlink_bridge'
[0.342s] Level 1:colcon.colcon_core.package_identification:_identify(docker) by extensions ['ignore', 'ignore_ament_install']
[0.342s] Level 1:colcon.colcon_core.package_identification:_identify(docker) by extension 'ignore'
[0.342s] Level 1:colcon.colcon_core.package_identification:_identify(docker) by extension 'ignore_ament_install'
[0.342s] Level 1:colcon.colcon_core.package_identification:_identify(docker) by extensions ['colcon_pkg']
[0.342s] Level 1:colcon.colcon_core.package_identification:_identify(docker) by extension 'colcon_pkg'
[0.342s] Level 1:colcon.colcon_core.package_identification:_identify(docker) by extensions ['colcon_meta']
[0.342s] Level 1:colcon.colcon_core.package_identification:_identify(docker) by extension 'colcon_meta'
[0.342s] Level 1:colcon.colcon_core.package_identification:_identify(docker) by extensions ['ros']
[0.342s] Level 1:colcon.colcon_core.package_identification:_identify(docker) by extension 'ros'
[0.342s] Level 1:colcon.colcon_core.package_identification:_identify(docker) by extensions ['cmake', 'python']
[0.342s] Level 1:colcon.colcon_core.package_identification:_identify(docker) by extension 'cmake'
[0.342s] Level 1:colcon.colcon_core.package_identification:_identify(docker) by extension 'python'
[0.342s] Level 1:colcon.colcon_core.package_identification:_identify(docker) by extensions ['python_setup_py']
[0.342s] Level 1:colcon.colcon_core.package_identification:_identify(docker) by extension 'python_setup_py'
[0.342s] Level 1:colcon.colcon_core.package_identification:_identify(images) by extensions ['ignore', 'ignore_ament_install']
[0.342s] Level 1:colcon.colcon_core.package_identification:_identify(images) by extension 'ignore'
[0.342s] Level 1:colcon.colcon_core.package_identification:_identify(images) by extension 'ignore_ament_install'
[0.342s] Level 1:colcon.colcon_core.package_identification:_identify(images) by extensions ['colcon_pkg']
[0.342s] Level 1:colcon.colcon_core.package_identification:_identify(images) by extension 'colcon_pkg'
[0.343s] Level 1:colcon.colcon_core.package_identification:_identify(images) by extensions ['colcon_meta']
[0.343s] Level 1:colcon.colcon_core.package_identification:_identify(images) by extension 'colcon_meta'
[0.343s] Level 1:colcon.colcon_core.package_identification:_identify(images) by extensions ['ros']
[0.343s] Level 1:colcon.colcon_core.package_identification:_identify(images) by extension 'ros'
[0.343s] Level 1:colcon.colcon_core.package_identification:_identify(images) by extensions ['cmake', 'python']
[0.343s] Level 1:colcon.colcon_core.package_identification:_identify(images) by extension 'cmake'
[0.343s] Level 1:colcon.colcon_core.package_identification:_identify(images) by extension 'python'
[0.343s] Level 1:colcon.colcon_core.package_identification:_identify(images) by extensions ['python_setup_py']
[0.343s] Level 1:colcon.colcon_core.package_identification:_identify(images) by extension 'python_setup_py'
[0.343s] Level 1:colcon.colcon_core.package_identification:_identify(install) by extensions ['ignore', 'ignore_ament_install']
[0.343s] Level 1:colcon.colcon_core.package_identification:_identify(install) by extension 'ignore'
[0.343s] Level 1:colcon.colcon_core.package_identification:_identify(install) ignored
[0.343s] Level 1:colcon.colcon_core.package_identification:_identify(log) by extensions ['ignore', 'ignore_ament_install']
[0.343s] Level 1:colcon.colcon_core.package_identification:_identify(log) by extension 'ignore'
[0.343s] Level 1:colcon.colcon_core.package_identification:_identify(log) ignored
[0.343s] Level 1:colcon.colcon_core.package_identification:_identify(orca_base) by extensions ['ignore', 'ignore_ament_install']
[0.343s] Level 1:colcon.colcon_core.package_identification:_identify(orca_base) by extension 'ignore'
[0.343s] Level 1:colcon.colcon_core.package_identification:_identify(orca_base) by extension 'ignore_ament_install'
[0.343s] Level 1:colcon.colcon_core.package_identification:_identify(orca_base) by extensions ['colcon_pkg']
[0.343s] Level 1:colcon.colcon_core.package_identification:_identify(orca_base) by extension 'colcon_pkg'
[0.343s] Level 1:colcon.colcon_core.package_identification:_identify(orca_base) by extensions ['colcon_meta']
[0.343s] Level 1:colcon.colcon_core.package_identification:_identify(orca_base) by extension 'colcon_meta'
[0.344s] Level 1:colcon.colcon_core.package_identification:_identify(orca_base) by extensions ['ros']
[0.344s] Level 1:colcon.colcon_core.package_identification:_identify(orca_base) by extension 'ros'
[0.344s] DEBUG:colcon.colcon_core.package_identification:Package 'orca_base' with type 'ros.ament_cmake' and name 'orca_base'
[0.344s] Level 1:colcon.colcon_core.package_identification:_identify(orca_bringup) by extensions ['ignore', 'ignore_ament_install']
[0.344s] Level 1:colcon.colcon_core.package_identification:_identify(orca_bringup) by extension 'ignore'
[0.344s] Level 1:colcon.colcon_core.package_identification:_identify(orca_bringup) by extension 'ignore_ament_install'
[0.344s] Level 1:colcon.colcon_core.package_identification:_identify(orca_bringup) by extensions ['colcon_pkg']
[0.344s] Level 1:colcon.colcon_core.package_identification:_identify(orca_bringup) by extension 'colcon_pkg'
[0.344s] Level 1:colcon.colcon_core.package_identification:_identify(orca_bringup) by extensions ['colcon_meta']
[0.345s] Level 1:colcon.colcon_core.package_identification:_identify(orca_bringup) by extension 'colcon_meta'
[0.345s] Level 1:colcon.colcon_core.package_identification:_identify(orca_bringup) by extensions ['ros']
[0.345s] Level 1:colcon.colcon_core.package_identification:_identify(orca_bringup) by extension 'ros'
[0.345s] DEBUG:colcon.colcon_core.package_identification:Package 'orca_bringup' with type 'ros.ament_cmake' and name 'orca_bringup'
[0.345s] Level 1:colcon.colcon_core.package_identification:_identify(orca_description) by extensions ['ignore', 'ignore_ament_install']
[0.345s] Level 1:colcon.colcon_core.package_identification:_identify(orca_description) by extension 'ignore'
[0.345s] Level 1:colcon.colcon_core.package_identification:_identify(orca_description) by extension 'ignore_ament_install'
[0.345s] Level 1:colcon.colcon_core.package_identification:_identify(orca_description) by extensions ['colcon_pkg']
[0.345s] Level 1:colcon.colcon_core.package_identification:_identify(orca_description) by extension 'colcon_pkg'
[0.345s] Level 1:colcon.colcon_core.package_identification:_identify(orca_description) by extensions ['colcon_meta']
[0.345s] Level 1:colcon.colcon_core.package_identification:_identify(orca_description) by extension 'colcon_meta'
[0.345s] Level 1:colcon.colcon_core.package_identification:_identify(orca_description) by extensions ['ros']
[0.345s] Level 1:colcon.colcon_core.package_identification:_identify(orca_description) by extension 'ros'
[0.346s] DEBUG:colcon.colcon_core.package_identification:Package 'orca_description' with type 'ros.ament_cmake' and name 'orca_description'
[0.346s] Level 1:colcon.colcon_core.package_identification:_identify(orca_nav2) by extensions ['ignore', 'ignore_ament_install']
[0.346s] Level 1:colcon.colcon_core.package_identification:_identify(orca_nav2) by extension 'ignore'
[0.346s] Level 1:colcon.colcon_core.package_identification:_identify(orca_nav2) by extension 'ignore_ament_install'
[0.346s] Level 1:colcon.colcon_core.package_identification:_identify(orca_nav2) by extensions ['colcon_pkg']
[0.346s] Level 1:colcon.colcon_core.package_identification:_identify(orca_nav2) by extension 'colcon_pkg'
[0.346s] Level 1:colcon.colcon_core.package_identification:_identify(orca_nav2) by extensions ['colcon_meta']
[0.346s] Level 1:colcon.colcon_core.package_identification:_identify(orca_nav2) by extension 'colcon_meta'
[0.346s] Level 1:colcon.colcon_core.package_identification:_identify(orca_nav2) by extensions ['ros']
[0.346s] Level 1:colcon.colcon_core.package_identification:_identify(orca_nav2) by extension 'ros'
[0.347s] DEBUG:colcon.colcon_core.package_identification:Package 'orca_nav2' with type 'ros.ament_cmake' and name 'orca_nav2'
[0.348s] Level 1:colcon.colcon_core.package_discovery:discover_packages(recursive) using defaults
[0.348s] Level 1:colcon.colcon_core.package_discovery:discover_packages(ignore) discover
[0.348s] Level 1:colcon.colcon_core.package_discovery:discover_packages(ignore) using defaults
[0.348s] Level 1:colcon.colcon_core.package_discovery:discover_packages(path) discover
[0.348s] Level 1:colcon.colcon_core.package_discovery:discover_packages(path) using defaults
[0.376s] INFO:colcon.colcon_core.package_selection:Skipping not selected package 'foxglove_bridge_pkg' in 'comms/foxglove_bridge_pkg'
[0.376s] INFO:colcon.colcon_core.package_selection:Skipping not selected package 'orca_base' in 'orca_base'
[0.376s] INFO:colcon.colcon_core.package_selection:Skipping not selected package 'orca_description' in 'orca_description'
[0.376s] INFO:colcon.colcon_core.package_selection:Skipping not selected package 'orca_nav2' in 'orca_nav2'
[0.376s] Level 1:colcon.colcon_core.package_discovery:discover_packages(prefix_path) check parameters
[0.376s] Level 1:colcon.colcon_core.package_discovery:discover_packages(prefix_path) discover
[0.379s] DEBUG:colcon.colcon_installed_package_information.package_discovery:Found 322 installed packages in /opt/ros/humble
[0.380s] Level 1:colcon.colcon_core.package_discovery:discover_packages(prefix_path) using defaults
[0.414s] Level 5:colcon.colcon_core.verb:set package 'mavlink_bridge' build argument 'cmake_args' from command line to 'None'
[0.414s] Level 5:colcon.colcon_core.verb:set package 'mavlink_bridge' build argument 'cmake_target' from command line to 'None'
[0.414s] Level 5:colcon.colcon_core.verb:set package 'mavlink_bridge' build argument 'cmake_target_skip_unavailable' from command line to 'False'
[0.414s] Level 5:colcon.colcon_core.verb:set package 'mavlink_bridge' build argument 'cmake_clean_cache' from command line to 'False'
[0.414s] Level 5:colcon.colcon_core.verb:set package 'mavlink_bridge' build argument 'cmake_clean_first' from command line to 'False'
[0.414s] Level 5:colcon.colcon_core.verb:set package 'mavlink_bridge' build argument 'cmake_force_configure' from command line to 'False'
[0.414s] Level 5:colcon.colcon_core.verb:set package 'mavlink_bridge' build argument 'ament_cmake_args' from command line to 'None'
[0.414s] Level 5:colcon.colcon_core.verb:set package 'mavlink_bridge' build argument 'catkin_cmake_args' from command line to 'None'
[0.414s] Level 5:colcon.colcon_core.verb:set package 'mavlink_bridge' build argument 'catkin_skip_building_tests' from command line to 'False'
[0.414s] DEBUG:colcon.colcon_core.verb:Building package 'mavlink_bridge' with the following arguments: {'ament_cmake_args': None, 'build_base': '/home/polaris_pz/project-polaris-simulation-personal/build/mavlink_bridge', 'catkin_cmake_args': None, 'catkin_skip_building_tests': False, 'cmake_args': None, 'cmake_clean_cache': False, 'cmake_clean_first': False, 'cmake_force_configure': False, 'cmake_target': None, 'cmake_target_skip_unavailable': False, 'install_base': '/home/polaris_pz/project-polaris-simulation-personal/install/mavlink_bridge', 'merge_install': False, 'path': '/home/polaris_pz/project-polaris-simulation-personal/comms/mavlink_bridge', 'symlink_install': False, 'test_result_base': None}
[0.414s] Level 5:colcon.colcon_core.verb:set package 'orca_bringup' build argument 'cmake_args' from command line to 'None'
[0.414s] Level 5:colcon.colcon_core.verb:set package 'orca_bringup' build argument 'cmake_target' from command line to 'None'
[0.415s] Level 5:colcon.colcon_core.verb:set package 'orca_bringup' build argument 'cmake_target_skip_unavailable' from command line to 'False'
[0.415s] Level 5:colcon.colcon_core.verb:set package 'orca_bringup' build argument 'cmake_clean_cache' from command line to 'False'
[0.415s] Level 5:colcon.colcon_core.verb:set package 'orca_bringup' build argument 'cmake_clean_first' from command line to 'False'
[0.415s] Level 5:colcon.colcon_core.verb:set package 'orca_bringup' build argument 'cmake_force_configure' from command line to 'False'
[0.415s] Level 5:colcon.colcon_core.verb:set package 'orca_bringup' build argument 'ament_cmake_args' from command line to 'None'
[0.415s] Level 5:colcon.colcon_core.verb:set package 'orca_bringup' build argument 'catkin_cmake_args' from command line to 'None'
[0.415s] Level 5:colcon.colcon_core.verb:set package 'orca_bringup' build argument 'catkin_skip_building_tests' from command line to 'False'
[0.415s] DEBUG:colcon.colcon_core.verb:Building package 'orca_bringup' with the following arguments: {'ament_cmake_args': None, 'build_base': '/home/polaris_pz/project-polaris-simulation-personal/build/orca_bringup', 'catkin_cmake_args': None, 'catkin_skip_building_tests': False, 'cmake_args': None, 'cmake_clean_cache': False, 'cmake_clean_first': False, 'cmake_force_configure': False, 'cmake_target': None, 'cmake_target_skip_unavailable': False, 'install_base': '/home/polaris_pz/project-polaris-simulation-personal/install/orca_bringup', 'merge_install': False, 'path': '/home/polaris_pz/project-polaris-simulation-personal/orca_bringup', 'symlink_install': False, 'test_result_base': None}
[0.415s] INFO:colcon.colcon_core.executor:Executing jobs using 'parallel' executor
[0.415s] DEBUG:colcon.colcon_parallel_executor.executor.parallel:run_until_complete
[0.416s] INFO:colcon.colcon_ros.task.ament_python.build:Building ROS package in '/home/polaris_pz/project-polaris-simulation-personal/comms/mavlink_bridge' with build type 'ament_python'
[0.416s] Level 1:colcon.colcon_core.shell:create_environment_hook('mavlink_bridge', 'ament_prefix_path')
[0.419s] INFO:colcon.colcon_core.plugin_system:Skipping extension 'colcon_core.shell.bat': Not used on non-Windows systems
[0.419s] INFO:colcon.colcon_core.shell:Creating environment hook '/home/polaris_pz/project-polaris-simulation-personal/install/mavlink_bridge/share/mavlink_bridge/hook/ament_prefix_path.ps1'
[0.419s] INFO:colcon.colcon_core.shell:Creating environment descriptor '/home/polaris_pz/project-polaris-simulation-personal/install/mavlink_bridge/share/mavlink_bridge/hook/ament_prefix_path.dsv'
[0.420s] INFO:colcon.colcon_core.shell:Creating environment hook '/home/polaris_pz/project-polaris-simulation-personal/install/mavlink_bridge/share/mavlink_bridge/hook/ament_prefix_path.sh'
[0.421s] INFO:colcon.colcon_core.shell:Skip shell extension 'powershell' for command environment: Not usable outside of PowerShell
[0.421s] DEBUG:colcon.colcon_core.shell:Skip shell extension 'dsv' for command environment
[0.614s] INFO:colcon.colcon_core.task.python.build:Building Python package in '/home/polaris_pz/project-polaris-simulation-personal/comms/mavlink_bridge'
[0.614s] INFO:colcon.colcon_core.shell:Skip shell extension 'powershell' for command environment: Not usable outside of PowerShell
[0.614s] DEBUG:colcon.colcon_core.shell:Skip shell extension 'dsv' for command environment
[0.876s] DEBUG:colcon.colcon_core.event_handler.log_command:Invoking command in '/home/polaris_pz/project-polaris-simulation-personal/comms/mavlink_bridge': PYTHONPATH=/home/polaris_pz/project-polaris-simulation-personal/build/mavlink_bridge/prefix_override:/usr/lib/python3/dist-packages/colcon_core/task/python/colcon_distutils_commands:/home/polaris_pz/project-polaris-simulation-personal/install/mavlink_bridge/lib/python3.10/site-packages:${PYTHONPATH} /usr/bin/python3 -W ignore:setup.py install is deprecated -W ignore:easy_install command is deprecated setup.py egg_info --egg-base ../../build/mavlink_bridge build --build-base /home/polaris_pz/project-polaris-simulation-personal/build/mavlink_bridge/build install --record /home/polaris_pz/project-polaris-simulation-personal/build/mavlink_bridge/install.log --single-version-externally-managed install_data
[1.096s] DEBUG:colcon.colcon_core.event_handler.log_command:Invoked command in '/home/polaris_pz/project-polaris-simulation-personal/comms/mavlink_bridge' returned '0': PYTHONPATH=/home/polaris_pz/project-polaris-simulation-personal/build/mavlink_bridge/prefix_override:/usr/lib/python3/dist-packages/colcon_core/task/python/colcon_distutils_commands:/home/polaris_pz/project-polaris-simulation-personal/install/mavlink_bridge/lib/python3.10/site-packages:${PYTHONPATH} /usr/bin/python3 -W ignore:setup.py install is deprecated -W ignore:easy_install command is deprecated setup.py egg_info --egg-base ../../build/mavlink_bridge build --build-base /home/polaris_pz/project-polaris-simulation-personal/build/mavlink_bridge/build install --record /home/polaris_pz/project-polaris-simulation-personal/build/mavlink_bridge/install.log --single-version-externally-managed install_data
[1.100s] Level 1:colcon.colcon_core.environment:checking '/home/polaris_pz/project-polaris-simulation-personal/install/mavlink_bridge' for CMake module files
[1.100s] Level 1:colcon.colcon_core.environment:checking '/home/polaris_pz/project-polaris-simulation-personal/install/mavlink_bridge' for CMake config files
[1.101s] Level 1:colcon.colcon_core.environment:checking '/home/polaris_pz/project-polaris-simulation-personal/install/mavlink_bridge/lib'
[1.101s] Level 1:colcon.colcon_core.environment:checking '/home/polaris_pz/project-polaris-simulation-personal/install/mavlink_bridge/bin'
[1.101s] Level 1:colcon.colcon_core.environment:checking '/home/polaris_pz/project-polaris-simulation-personal/install/mavlink_bridge/lib/pkgconfig/mavlink_bridge.pc'
[1.101s] Level 1:colcon.colcon_core.environment:checking '/home/polaris_pz/project-polaris-simulation-personal/install/mavlink_bridge/lib/python3.10/site-packages'
[1.101s] Level 1:colcon.colcon_core.shell:create_environment_hook('mavlink_bridge', 'pythonpath')
[1.101s] INFO:colcon.colcon_core.shell:Creating environment hook '/home/polaris_pz/project-polaris-simulation-personal/install/mavlink_bridge/share/mavlink_bridge/hook/pythonpath.ps1'
[1.102s] INFO:colcon.colcon_core.shell:Creating environment descriptor '/home/polaris_pz/project-polaris-simulation-personal/install/mavlink_bridge/share/mavlink_bridge/hook/pythonpath.dsv'
[1.102s] INFO:colcon.colcon_core.shell:Creating environment hook '/home/polaris_pz/project-polaris-simulation-personal/install/mavlink_bridge/share/mavlink_bridge/hook/pythonpath.sh'
[1.102s] Level 1:colcon.colcon_core.environment:checking '/home/polaris_pz/project-polaris-simulation-personal/install/mavlink_bridge/bin'
[1.102s] Level 1:colcon.colcon_core.environment:create_environment_scripts_only(mavlink_bridge)
[1.103s] INFO:colcon.colcon_core.shell:Creating package script '/home/polaris_pz/project-polaris-simulation-personal/install/mavlink_bridge/share/mavlink_bridge/package.ps1'
[1.103s] INFO:colcon.colcon_core.shell:Creating package descriptor '/home/polaris_pz/project-polaris-simulation-personal/install/mavlink_bridge/share/mavlink_bridge/package.dsv'
[1.104s] INFO:colcon.colcon_core.shell:Creating package script '/home/polaris_pz/project-polaris-simulation-personal/install/mavlink_bridge/share/mavlink_bridge/package.sh'
[1.105s] INFO:colcon.colcon_core.shell:Creating package script '/home/polaris_pz/project-polaris-simulation-personal/install/mavlink_bridge/share/mavlink_bridge/package.bash'
[1.105s] INFO:colcon.colcon_core.shell:Creating package script '/home/polaris_pz/project-polaris-simulation-personal/install/mavlink_bridge/share/mavlink_bridge/package.zsh'
[1.106s] Level 1:colcon.colcon_core.environment:create_file_with_runtime_dependencies(/home/polaris_pz/project-polaris-simulation-personal/install/mavlink_bridge/share/colcon-core/packages/mavlink_bridge)
[1.106s] INFO:colcon.colcon_ros.task.ament_cmake.build:Building ROS package in '/home/polaris_pz/project-polaris-simulation-personal/orca_bringup' with build type 'ament_cmake'
[1.106s] INFO:colcon.colcon_cmake.task.cmake.build:Building CMake package in '/home/polaris_pz/project-polaris-simulation-personal/orca_bringup'
[1.107s] INFO:colcon.colcon_core.shell:Skip shell extension 'powershell' for command environment: Not usable outside of PowerShell
[1.107s] DEBUG:colcon.colcon_core.shell:Skip shell extension 'dsv' for command environment
[1.108s] ERROR:colcon.colcon_cmake.task.cmake.build:Failed to find the following files:
- /home/polaris_pz/project-polaris-simulation-personal/install/orca_nav2/share/orca_nav2/package.sh
Check that the following packages have been built:
- orca_nav2
[1.108s] Level 1:colcon.colcon_core.environment:create_environment_scripts_only(orca_bringup)
[1.108s] Level 1:colcon.colcon_core.environment:checking '/home/polaris_pz/project-polaris-simulation-personal/install/orca_bringup' for CMake module files
[1.109s] Level 1:colcon.colcon_core.environment:checking '/home/polaris_pz/project-polaris-simulation-personal/install/orca_bringup' for CMake config files
[1.109s] Level 1:colcon.colcon_core.environment:checking '/home/polaris_pz/project-polaris-simulation-personal/install/orca_bringup/bin'
[1.109s] Level 1:colcon.colcon_core.environment:checking '/home/polaris_pz/project-polaris-simulation-personal/install/orca_bringup/lib/pkgconfig/orca_bringup.pc'
[1.109s] Level 1:colcon.colcon_core.environment:checking '/home/polaris_pz/project-polaris-simulation-personal/install/orca_bringup/lib/python3.10/site-packages'
[1.109s] Level 1:colcon.colcon_core.environment:checking '/home/polaris_pz/project-polaris-simulation-personal/install/orca_bringup/bin'
[1.109s] INFO:colcon.colcon_core.shell:Creating package script '/home/polaris_pz/project-polaris-simulation-personal/install/orca_bringup/share/orca_bringup/package.ps1'
[1.110s] INFO:colcon.colcon_core.shell:Creating package descriptor '/home/polaris_pz/project-polaris-simulation-personal/install/orca_bringup/share/orca_bringup/package.dsv'
[1.110s] INFO:colcon.colcon_core.shell:Creating package script '/home/polaris_pz/project-polaris-simulation-personal/install/orca_bringup/share/orca_bringup/package.sh'
[1.110s] INFO:colcon.colcon_core.shell:Creating package script '/home/polaris_pz/project-polaris-simulation-personal/install/orca_bringup/share/orca_bringup/package.bash'
[1.110s] INFO:colcon.colcon_core.shell:Creating package script '/home/polaris_pz/project-polaris-simulation-personal/install/orca_bringup/share/orca_bringup/package.zsh'
[1.111s] Level 1:colcon.colcon_core.environment:create_file_with_runtime_dependencies(/home/polaris_pz/project-polaris-simulation-personal/install/orca_bringup/share/colcon-core/packages/orca_bringup)
[1.121s] DEBUG:colcon.colcon_parallel_executor.executor.parallel:closing loop
[1.121s] DEBUG:colcon.colcon_parallel_executor.executor.parallel:loop closed
[1.121s] DEBUG:colcon.colcon_parallel_executor.executor.parallel:run_until_complete finished with '1'
[1.121s] DEBUG:colcon.colcon_core.event_reactor:joining thread
[1.125s] INFO:colcon.colcon_core.plugin_system:Skipping extension 'colcon_notification.desktop_notification.terminal_notifier': Not used on non-Darwin systems
[1.125s] INFO:colcon.colcon_core.plugin_system:Skipping extension 'colcon_notification.desktop_notification.win32': Not used on non-Windows systems
[1.125s] INFO:colcon.colcon_notification.desktop_notification:Sending desktop notification using 'notify2'
[1.150s] DEBUG:colcon.colcon_core.event_reactor:joined thread
[1.151s] INFO:colcon.colcon_core.shell:Creating prefix script '/home/polaris_pz/project-polaris-simulation-personal/install/local_setup.ps1'
[1.152s] INFO:colcon.colcon_core.shell:Creating prefix util module '/home/polaris_pz/project-polaris-simulation-personal/install/_local_setup_util_ps1.py'
[1.153s] INFO:colcon.colcon_core.shell:Creating prefix chain script '/home/polaris_pz/project-polaris-simulation-personal/install/setup.ps1'
[1.154s] INFO:colcon.colcon_core.shell:Creating prefix script '/home/polaris_pz/project-polaris-simulation-personal/install/local_setup.sh'
[1.154s] INFO:colcon.colcon_core.shell:Creating prefix util module '/home/polaris_pz/project-polaris-simulation-personal/install/_local_setup_util_sh.py'
[1.155s] INFO:colcon.colcon_core.shell:Creating prefix chain script '/home/polaris_pz/project-polaris-simulation-personal/install/setup.sh'
[1.155s] INFO:colcon.colcon_core.shell:Creating prefix script '/home/polaris_pz/project-polaris-simulation-personal/install/local_setup.bash'
[1.156s] INFO:colcon.colcon_core.shell:Creating prefix chain script '/home/polaris_pz/project-polaris-simulation-personal/install/setup.bash'
[1.157s] INFO:colcon.colcon_core.shell:Creating prefix script '/home/polaris_pz/project-polaris-simulation-personal/install/local_setup.zsh'
[1.157s] INFO:colcon.colcon_core.shell:Creating prefix chain script '/home/polaris_pz/project-polaris-simulation-personal/install/setup.zsh'
