/home/polaris_pz/project-polaris-simulation-personal/install/mavlink_bridge/lib/python3.10/site-packages/mavlink_bridge/__init__.py
/home/polaris_pz/project-polaris-simulation-personal/install/mavlink_bridge/lib/python3.10/site-packages/mavlink_bridge/output_monitor.py
/home/polaris_pz/project-polaris-simulation-personal/install/mavlink_bridge/lib/python3.10/site-packages/mavlink_bridge/mavlink_publisher.py
/home/polaris_pz/project-polaris-simulation-personal/install/mavlink_bridge/lib/python3.10/site-packages/mavlink_bridge/ros2_receiver.py
/home/polaris_pz/project-polaris-simulation-personal/install/mavlink_bridge/lib/python3.10/site-packages/mavlink_bridge/__pycache__/__init__.cpython-310.pyc
/home/polaris_pz/project-polaris-simulation-personal/install/mavlink_bridge/lib/python3.10/site-packages/mavlink_bridge/__pycache__/output_monitor.cpython-310.pyc
/home/polaris_pz/project-polaris-simulation-personal/install/mavlink_bridge/lib/python3.10/site-packages/mavlink_bridge/__pycache__/mavlink_publisher.cpython-310.pyc
/home/polaris_pz/project-polaris-simulation-personal/install/mavlink_bridge/lib/python3.10/site-packages/mavlink_bridge/__pycache__/ros2_receiver.cpython-310.pyc
/home/polaris_pz/project-polaris-simulation-personal/install/mavlink_bridge/share/ament_index/resource_index/packages/mavlink_bridge
/home/polaris_pz/project-polaris-simulation-personal/install/mavlink_bridge/share/mavlink_bridge/package.xml
/home/polaris_pz/project-polaris-simulation-personal/install/mavlink_bridge/share/mavlink_bridge/launch/mavlink_bridge.launch.py
/home/polaris_pz/project-polaris-simulation-personal/install/mavlink_bridge/lib/python3.10/site-packages/mavlink_bridge-0.0.0-py3.10.egg-info/entry_points.txt
/home/polaris_pz/project-polaris-simulation-personal/install/mavlink_bridge/lib/python3.10/site-packages/mavlink_bridge-0.0.0-py3.10.egg-info/PKG-INFO
/home/polaris_pz/project-polaris-simulation-personal/install/mavlink_bridge/lib/python3.10/site-packages/mavlink_bridge-0.0.0-py3.10.egg-info/dependency_links.txt
/home/polaris_pz/project-polaris-simulation-personal/install/mavlink_bridge/lib/python3.10/site-packages/mavlink_bridge-0.0.0-py3.10.egg-info/SOURCES.txt
/home/polaris_pz/project-polaris-simulation-personal/install/mavlink_bridge/lib/python3.10/site-packages/mavlink_bridge-0.0.0-py3.10.egg-info/requires.txt
/home/polaris_pz/project-polaris-simulation-personal/install/mavlink_bridge/lib/python3.10/site-packages/mavlink_bridge-0.0.0-py3.10.egg-info/zip-safe
/home/polaris_pz/project-polaris-simulation-personal/install/mavlink_bridge/lib/python3.10/site-packages/mavlink_bridge-0.0.0-py3.10.egg-info/top_level.txt
/home/polaris_pz/project-polaris-simulation-personal/install/mavlink_bridge/lib/mavlink_bridge/mavlink_publisher
/home/polaris_pz/project-polaris-simulation-personal/install/mavlink_bridge/lib/mavlink_bridge/output_monitor
/home/polaris_pz/project-polaris-simulation-personal/install/mavlink_bridge/lib/mavlink_bridge/ros2_receiver
