running egg_info
creating ../../build/mavlink_bridge/mavlink_bridge.egg-info
writing ../../build/mavlink_bridge/mavlink_bridge.egg-info/PKG-INFO
writing dependency_links to ../../build/mavlink_bridge/mavlink_bridge.egg-info/dependency_links.txt
writing entry points to ../../build/mavlink_bridge/mavlink_bridge.egg-info/entry_points.txt
writing requirements to ../../build/mavlink_bridge/mavlink_bridge.egg-info/requires.txt
writing top-level names to ../../build/mavlink_bridge/mavlink_bridge.egg-info/top_level.txt
writing manifest file '../../build/mavlink_bridge/mavlink_bridge.egg-info/SOURCES.txt'
reading manifest file '../../build/mavlink_bridge/mavlink_bridge.egg-info/SOURCES.txt'
writing manifest file '../../build/mavlink_bridge/mavlink_bridge.egg-info/SOURCES.txt'
running build
running build_py
creating /home/polaris_pz/project-polaris-simulation-personal/build/mavlink_bridge/build
creating /home/polaris_pz/project-polaris-simulation-personal/build/mavlink_bridge/build/lib
creating /home/polaris_pz/project-polaris-simulation-personal/build/mavlink_bridge/build/lib/mavlink_bridge
copying mavlink_bridge/__init__.py -> /home/polaris_pz/project-polaris-simulation-personal/build/mavlink_bridge/build/lib/mavlink_bridge
copying mavlink_bridge/output_monitor.py -> /home/polaris_pz/project-polaris-simulation-personal/build/mavlink_bridge/build/lib/mavlink_bridge
copying mavlink_bridge/mavlink_publisher.py -> /home/polaris_pz/project-polaris-simulation-personal/build/mavlink_bridge/build/lib/mavlink_bridge
copying mavlink_bridge/ros2_receiver.py -> /home/polaris_pz/project-polaris-simulation-personal/build/mavlink_bridge/build/lib/mavlink_bridge
running install
running install_lib
creating /home/polaris_pz/project-polaris-simulation-personal/install/mavlink_bridge/lib/python3.10/site-packages/mavlink_bridge
copying /home/polaris_pz/project-polaris-simulation-personal/build/mavlink_bridge/build/lib/mavlink_bridge/__init__.py -> /home/polaris_pz/project-polaris-simulation-personal/install/mavlink_bridge/lib/python3.10/site-packages/mavlink_bridge
copying /home/polaris_pz/project-polaris-simulation-personal/build/mavlink_bridge/build/lib/mavlink_bridge/output_monitor.py -> /home/polaris_pz/project-polaris-simulation-personal/install/mavlink_bridge/lib/python3.10/site-packages/mavlink_bridge
copying /home/polaris_pz/project-polaris-simulation-personal/build/mavlink_bridge/build/lib/mavlink_bridge/mavlink_publisher.py -> /home/polaris_pz/project-polaris-simulation-personal/install/mavlink_bridge/lib/python3.10/site-packages/mavlink_bridge
copying /home/polaris_pz/project-polaris-simulation-personal/build/mavlink_bridge/build/lib/mavlink_bridge/ros2_receiver.py -> /home/polaris_pz/project-polaris-simulation-personal/install/mavlink_bridge/lib/python3.10/site-packages/mavlink_bridge
byte-compiling /home/polaris_pz/project-polaris-simulation-personal/install/mavlink_bridge/lib/python3.10/site-packages/mavlink_bridge/__init__.py to __init__.cpython-310.pyc
byte-compiling /home/polaris_pz/project-polaris-simulation-personal/install/mavlink_bridge/lib/python3.10/site-packages/mavlink_bridge/output_monitor.py to output_monitor.cpython-310.pyc
byte-compiling /home/polaris_pz/project-polaris-simulation-personal/install/mavlink_bridge/lib/python3.10/site-packages/mavlink_bridge/mavlink_publisher.py to mavlink_publisher.cpython-310.pyc
byte-compiling /home/polaris_pz/project-polaris-simulation-personal/install/mavlink_bridge/lib/python3.10/site-packages/mavlink_bridge/ros2_receiver.py to ros2_receiver.cpython-310.pyc
running install_data
creating /home/polaris_pz/project-polaris-simulation-personal/install/mavlink_bridge/share/ament_index
creating /home/polaris_pz/project-polaris-simulation-personal/install/mavlink_bridge/share/ament_index/resource_index
creating /home/polaris_pz/project-polaris-simulation-personal/install/mavlink_bridge/share/ament_index/resource_index/packages
copying resource/mavlink_bridge -> /home/polaris_pz/project-polaris-simulation-personal/install/mavlink_bridge/share/ament_index/resource_index/packages
copying package.xml -> /home/polaris_pz/project-polaris-simulation-personal/install/mavlink_bridge/share/mavlink_bridge
creating /home/polaris_pz/project-polaris-simulation-personal/install/mavlink_bridge/share/mavlink_bridge/launch
copying launch/mavlink_bridge.launch.py -> /home/polaris_pz/project-polaris-simulation-personal/install/mavlink_bridge/share/mavlink_bridge/launch
running install_egg_info
Copying ../../build/mavlink_bridge/mavlink_bridge.egg-info to /home/polaris_pz/project-polaris-simulation-personal/install/mavlink_bridge/lib/python3.10/site-packages/mavlink_bridge-0.0.0-py3.10.egg-info
running install_scripts
Installing mavlink_publisher script to /home/polaris_pz/project-polaris-simulation-personal/install/mavlink_bridge/lib/mavlink_bridge
Installing output_monitor script to /home/polaris_pz/project-polaris-simulation-personal/install/mavlink_bridge/lib/mavlink_bridge
Installing ros2_receiver script to /home/polaris_pz/project-polaris-simulation-personal/install/mavlink_bridge/lib/mavlink_bridge
writing list of installed files to '/home/polaris_pz/project-polaris-simulation-personal/build/mavlink_bridge/install.log'
